03/10/2023 01:54:10 PM:INFO:====== WebDriver manager ======
03/10/2023 01:54:10 PM:INFO:Get LATEST chromedriver version for google-chrome 111.0.5563
03/10/2023 01:54:10 PM:INFO:Driver [/Users/ganeshachari/.wdm/drivers/chromedriver/mac_arm64/111.0.5563/chromedriver] found in cache
03/10/2023 01:54:11 PM:INFO:**************** Test_0001_Login ****************
03/10/2023 01:54:11 PM:INFO:**************** Verifying Home page title ****************
03/10/2023 01:54:12 PM:INFO:**************** Home Page Title test case is passed ****************
03/10/2023 01:54:13 PM:INFO:====== WebDriver manager ======
03/10/2023 01:54:13 PM:INFO:Get LATEST chromedriver version for google-chrome 111.0.5563
03/10/2023 01:54:13 PM:INFO:Driver [/Users/ganeshachari/.wdm/drivers/chromedriver/mac_arm64/111.0.5563/chromedriver] found in cache
03/10/2023 01:54:14 PM:INFO:**************** Test_0001_Login ****************
03/10/2023 01:54:14 PM:INFO:**************** Verifying Login Test ****************
03/10/2023 01:54:17 PM:INFO:**************** Login test case is passed ****************
03/10/2023 01:56:17 PM:INFO:====== WebDriver manager ======
03/10/2023 01:56:17 PM:INFO:Get LATEST chromedriver version for google-chrome 111.0.5563
03/10/2023 01:56:18 PM:INFO:Driver [/Users/ganeshachari/.wdm/drivers/chromedriver/mac_arm64/111.0.5563/chromedriver] found in cache
03/10/2023 01:56:19 PM:INFO:**************** Test_0001_Login ****************
03/10/2023 01:56:19 PM:INFO:**************** Verifying Home page title ****************
03/10/2023 01:56:22 PM:INFO:**************** Home Page Title test case is passed ****************
03/10/2023 01:56:22 PM:INFO:====== WebDriver manager ======
03/10/2023 01:56:22 PM:INFO:Get LATEST chromedriver version for google-chrome 111.0.5563
03/10/2023 01:56:22 PM:INFO:Driver [/Users/ganeshachari/.wdm/drivers/chromedriver/mac_arm64/111.0.5563/chromedriver] found in cache
03/10/2023 01:56:23 PM:INFO:**************** Verifying Login Test ****************
03/10/2023 01:56:27 PM:INFO:**************** Login test case is passed ****************
03/10/2023 02:10:01 PM:INFO:====== WebDriver manager ======
03/10/2023 02:10:01 PM:INFO:Get LATEST chromedriver version for google-chrome 111.0.5563
03/10/2023 02:10:02 PM:INFO:Driver [/Users/ganeshachari/.wdm/drivers/chromedriver/mac_arm64/111.0.5563/chromedriver] found in cache
03/10/2023 02:10:03 PM:INFO:**************** Test_0001_Login ****************
03/10/2023 02:10:03 PM:INFO:**************** Verifying Home page title ****************
03/10/2023 02:10:06 PM:INFO:**************** Home Page Title test case is passed ****************
03/10/2023 02:10:06 PM:INFO:====== WebDriver manager ======
03/10/2023 02:10:06 PM:INFO:Get LATEST chromedriver version for google-chrome 111.0.5563
03/10/2023 02:10:06 PM:INFO:Driver [/Users/ganeshachari/.wdm/drivers/chromedriver/mac_arm64/111.0.5563/chromedriver] found in cache
03/10/2023 02:10:07 PM:INFO:**************** Verifying Login Test ****************
03/10/2023 02:10:12 PM:INFO:**************** Login test case is passed ****************
03/10/2023 02:14:14 PM:INFO:xdist worker is: gw1
03/10/2023 02:14:14 PM:INFO:xdist worker is: gw0
03/10/2023 02:14:14 PM:INFO:====== WebDriver manager ======
03/10/2023 02:14:14 PM:INFO:====== WebDriver manager ======
03/10/2023 02:14:14 PM:INFO:Get LATEST chromedriver version for google-chrome 111.0.5563
03/10/2023 02:14:14 PM:INFO:Get LATEST chromedriver version for google-chrome 111.0.5563
03/10/2023 02:14:14 PM:INFO:There is no [mac_arm64] chromedriver for browser 111.0.5563 in cache
03/10/2023 02:14:14 PM:INFO:There is no [mac_arm64] chromedriver for browser 111.0.5563 in cache
03/10/2023 02:14:14 PM:INFO:About to download new driver from https://chromedriver.storage.googleapis.com/111.0.5563.64/chromedriver_mac_arm64.zip
03/10/2023 02:14:14 PM:INFO:About to download new driver from https://chromedriver.storage.googleapis.com/111.0.5563.64/chromedriver_mac_arm64.zip
03/10/2023 02:14:16 PM:INFO:Driver has been saved in cache [/Users/ganeshachari/.wdm/gw1/drivers/chromedriver/mac_arm64/111.0.5563]
03/10/2023 02:14:17 PM:INFO:Driver has been saved in cache [/Users/ganeshachari/.wdm/gw0/drivers/chromedriver/mac_arm64/111.0.5563]
03/10/2023 02:14:17 PM:INFO:**************** Verifying Login Test ****************
03/10/2023 02:14:18 PM:INFO:**************** Test_0001_Login ****************
03/10/2023 02:14:18 PM:INFO:**************** Verifying Home page title ****************
03/10/2023 02:14:21 PM:INFO:**************** Home Page Title test case is passed ****************
03/10/2023 02:14:21 PM:INFO:**************** Login test case is passed ****************
03/10/2023 02:14:35 PM:INFO:xdist worker is: gw1
03/10/2023 02:14:35 PM:INFO:====== WebDriver manager ======
03/10/2023 02:14:35 PM:INFO:xdist worker is: gw0
03/10/2023 02:14:35 PM:INFO:====== WebDriver manager ======
03/10/2023 02:14:35 PM:INFO:Get LATEST chromedriver version for google-chrome 111.0.5563
03/10/2023 02:14:35 PM:INFO:Get LATEST chromedriver version for google-chrome 111.0.5563
03/10/2023 02:14:35 PM:INFO:Driver [/Users/ganeshachari/.wdm/gw0/drivers/chromedriver/mac_arm64/111.0.5563/chromedriver] found in cache
03/10/2023 02:14:35 PM:INFO:Driver [/Users/ganeshachari/.wdm/gw1/drivers/chromedriver/mac_arm64/111.0.5563/chromedriver] found in cache
03/10/2023 02:14:37 PM:INFO:**************** Verifying Login Test ****************
03/10/2023 02:14:37 PM:INFO:**************** Test_0001_Login ****************
03/10/2023 02:14:37 PM:INFO:**************** Verifying Home page title ****************
03/10/2023 02:14:39 PM:INFO:**************** Home Page Title test case is passed ****************
03/10/2023 02:14:41 PM:INFO:**************** Login test case is passed ****************
03/10/2023 02:25:10 PM:INFO:xdist worker is: gw1
03/10/2023 02:25:10 PM:INFO:====== WebDriver manager ======
03/10/2023 02:25:10 PM:INFO:xdist worker is: gw0
03/10/2023 02:25:10 PM:INFO:====== WebDriver manager ======
03/10/2023 02:25:10 PM:INFO:Get LATEST chromedriver version for google-chrome 111.0.5563
03/10/2023 02:25:10 PM:INFO:Get LATEST chromedriver version for google-chrome 111.0.5563
03/10/2023 02:25:11 PM:INFO:Driver [/Users/ganeshachari/.wdm/gw1/drivers/chromedriver/mac_arm64/111.0.5563/chromedriver] found in cache
03/10/2023 02:25:11 PM:INFO:Driver [/Users/ganeshachari/.wdm/gw0/drivers/chromedriver/mac_arm64/111.0.5563/chromedriver] found in cache
03/10/2023 02:25:12 PM:INFO:**************** Verifying Login Test ****************
03/10/2023 02:25:12 PM:INFO:**************** Test_0001_Login ****************
03/10/2023 02:25:12 PM:INFO:**************** Verifying Home page title ****************
03/10/2023 02:25:15 PM:INFO:**************** Home Page Title test case is passed ****************
03/10/2023 02:25:18 PM:INFO:**************** Login test case is passed ****************
03/10/2023 02:28:21 PM:INFO:xdist worker is: gw1
03/10/2023 02:28:21 PM:INFO:xdist worker is: gw0
03/10/2023 02:28:21 PM:INFO:====== WebDriver manager ======
03/10/2023 02:28:21 PM:INFO:====== WebDriver manager ======
03/10/2023 02:28:21 PM:INFO:Get LATEST chromedriver version for google-chrome 111.0.5563
03/10/2023 02:28:21 PM:INFO:Get LATEST chromedriver version for google-chrome 111.0.5563
03/10/2023 02:28:21 PM:INFO:Driver [/Users/ganeshachari/.wdm/gw0/drivers/chromedriver/mac_arm64/111.0.5563/chromedriver] found in cache
03/10/2023 02:28:21 PM:INFO:Driver [/Users/ganeshachari/.wdm/gw1/drivers/chromedriver/mac_arm64/111.0.5563/chromedriver] found in cache
03/10/2023 02:28:23 PM:INFO:**************** Verifying Login Test ****************
03/10/2023 02:28:23 PM:INFO:**************** Test_0001_Login ****************
03/10/2023 02:28:23 PM:INFO:**************** Verifying Home page title ****************
03/10/2023 02:28:26 PM:INFO:**************** Home Page Title test case is passed ****************
03/10/2023 02:28:28 PM:INFO:**************** Login test case is passed ****************
03/10/2023 03:06:37 PM:INFO:xdist worker is: gw1
03/10/2023 03:06:37 PM:INFO:xdist worker is: gw0
03/10/2023 03:06:37 PM:INFO:====== WebDriver manager ======
03/10/2023 03:06:37 PM:INFO:====== WebDriver manager ======
03/10/2023 03:06:37 PM:INFO:Get LATEST chromedriver version for google-chrome 111.0.5563
03/10/2023 03:06:37 PM:INFO:Get LATEST chromedriver version for google-chrome 111.0.5563
03/10/2023 03:06:37 PM:INFO:Driver [/Users/ganeshachari/.wdm/gw0/drivers/chromedriver/mac_arm64/111.0.5563/chromedriver] found in cache
03/10/2023 03:06:37 PM:INFO:Driver [/Users/ganeshachari/.wdm/gw1/drivers/chromedriver/mac_arm64/111.0.5563/chromedriver] found in cache
03/10/2023 03:06:39 PM:INFO:**************** Verifying Login Test ****************
03/10/2023 03:06:39 PM:INFO:**************** Test_0001_Login ****************
03/10/2023 03:06:39 PM:INFO:**************** Verifying Home page title ****************
03/10/2023 03:06:41 PM:INFO:**************** Home Page Title test case is passed ****************
03/10/2023 03:06:41 PM:INFO:xdist worker is: gw0
03/10/2023 03:06:41 PM:INFO:====== WebDriver manager ======
03/10/2023 03:06:41 PM:INFO:Get LATEST chromedriver version for google-chrome 111.0.5563
03/10/2023 03:06:41 PM:INFO:Driver [/Users/ganeshachari/.wdm/gw0/drivers/chromedriver/mac_arm64/111.0.5563/chromedriver] found in cache
03/10/2023 03:06:42 PM:INFO:**************** Test_0002_ddt_Login ****************
03/10/2023 03:06:42 PM:INFO:**************** Verifying Login Test ****************
03/10/2023 03:06:49 PM:INFO:**************** Login test case is failed ****************
03/10/2023 03:07:55 PM:INFO:xdist worker is: gw1
03/10/2023 03:07:55 PM:INFO:xdist worker is: gw0
03/10/2023 03:07:55 PM:INFO:====== WebDriver manager ======
03/10/2023 03:07:55 PM:INFO:====== WebDriver manager ======
03/10/2023 03:07:55 PM:INFO:Get LATEST chromedriver version for google-chrome 111.0.5563
03/10/2023 03:07:55 PM:INFO:Get LATEST chromedriver version for google-chrome 111.0.5563
03/10/2023 03:07:55 PM:INFO:Driver [/Users/ganeshachari/.wdm/gw1/drivers/chromedriver/mac_arm64/111.0.5563/chromedriver] found in cache
03/10/2023 03:07:55 PM:INFO:Driver [/Users/ganeshachari/.wdm/gw0/drivers/chromedriver/mac_arm64/111.0.5563/chromedriver] found in cache
03/10/2023 03:07:57 PM:INFO:**************** Verifying Login Test ****************
03/10/2023 03:07:57 PM:INFO:**************** Test_0001_Login ****************
03/10/2023 03:07:57 PM:INFO:**************** Verifying Home page title ****************
03/10/2023 03:07:58 PM:INFO:**************** Home Page Title test case is passed ****************
03/10/2023 03:07:58 PM:INFO:xdist worker is: gw0
03/10/2023 03:07:58 PM:INFO:====== WebDriver manager ======
03/10/2023 03:07:58 PM:INFO:Get LATEST chromedriver version for google-chrome 111.0.5563
03/10/2023 03:07:58 PM:INFO:Driver [/Users/ganeshachari/.wdm/gw0/drivers/chromedriver/mac_arm64/111.0.5563/chromedriver] found in cache
03/10/2023 03:07:59 PM:INFO:**************** Test_0002_ddt_Login ****************
03/10/2023 03:07:59 PM:INFO:**************** Verifying Login Test ****************
03/10/2023 03:08:06 PM:INFO:**************** Login test case is failed ****************
03/10/2023 03:08:06 PM:INFO:**************** Login test case is failed ****************
03/10/2023 03:09:28 PM:INFO:xdist worker is: gw0
03/10/2023 03:09:28 PM:INFO:xdist worker is: gw1
03/10/2023 03:09:28 PM:INFO:====== WebDriver manager ======
03/10/2023 03:09:28 PM:INFO:====== WebDriver manager ======
03/10/2023 03:09:28 PM:INFO:Get LATEST chromedriver version for google-chrome 111.0.5563
03/10/2023 03:09:28 PM:INFO:Get LATEST chromedriver version for google-chrome 111.0.5563
03/10/2023 03:09:29 PM:INFO:Driver [/Users/ganeshachari/.wdm/gw1/drivers/chromedriver/mac_arm64/111.0.5563/chromedriver] found in cache
03/10/2023 03:09:29 PM:INFO:Driver [/Users/ganeshachari/.wdm/gw0/drivers/chromedriver/mac_arm64/111.0.5563/chromedriver] found in cache
03/10/2023 03:09:30 PM:INFO:**************** Verifying Login Test ****************
03/10/2023 03:09:30 PM:INFO:**************** Test_0001_Login ****************
03/10/2023 03:09:30 PM:INFO:**************** Verifying Home page title ****************
03/10/2023 03:09:31 PM:INFO:**************** Home Page Title test case is passed ****************
03/10/2023 03:09:31 PM:INFO:xdist worker is: gw0
03/10/2023 03:09:31 PM:INFO:====== WebDriver manager ======
03/10/2023 03:09:31 PM:INFO:Get LATEST chromedriver version for google-chrome 111.0.5563
03/10/2023 03:09:32 PM:INFO:Driver [/Users/ganeshachari/.wdm/gw0/drivers/chromedriver/mac_arm64/111.0.5563/chromedriver] found in cache
03/10/2023 03:09:33 PM:INFO:**************** Test_0002_ddt_Login ****************
03/10/2023 03:09:33 PM:INFO:**************** Verifying Login Test ****************
03/10/2023 03:09:39 PM:INFO:**************** Login test case is failed ****************
03/10/2023 03:09:39 PM:INFO:**************** Login test case is failed ****************
03/10/2023 03:10:41 PM:INFO:xdist worker is: gw0
03/10/2023 03:10:41 PM:INFO:xdist worker is: gw1
03/10/2023 03:10:41 PM:INFO:====== WebDriver manager ======
03/10/2023 03:10:41 PM:INFO:====== WebDriver manager ======
03/10/2023 03:10:41 PM:INFO:Get LATEST chromedriver version for google-chrome 111.0.5563
03/10/2023 03:10:41 PM:INFO:Get LATEST chromedriver version for google-chrome 111.0.5563
03/10/2023 03:10:41 PM:INFO:Driver [/Users/ganeshachari/.wdm/gw0/drivers/chromedriver/mac_arm64/111.0.5563/chromedriver] found in cache
03/10/2023 03:10:41 PM:INFO:Driver [/Users/ganeshachari/.wdm/gw1/drivers/chromedriver/mac_arm64/111.0.5563/chromedriver] found in cache
03/10/2023 03:10:42 PM:INFO:**************** Verifying Login Test ****************
03/10/2023 03:10:42 PM:INFO:**************** Test_0001_Login ****************
03/10/2023 03:10:42 PM:INFO:**************** Verifying Home page title ****************
03/10/2023 03:10:43 PM:INFO:**************** Home Page Title test case is passed ****************
03/10/2023 03:10:43 PM:INFO:xdist worker is: gw0
03/10/2023 03:10:43 PM:INFO:====== WebDriver manager ======
03/10/2023 03:10:44 PM:INFO:Get LATEST chromedriver version for google-chrome 111.0.5563
03/10/2023 03:10:44 PM:INFO:Driver [/Users/ganeshachari/.wdm/gw0/drivers/chromedriver/mac_arm64/111.0.5563/chromedriver] found in cache
03/10/2023 03:10:45 PM:INFO:**************** Test_0002_ddt_Login ****************
03/10/2023 03:10:45 PM:INFO:**************** Verifying Login Test ****************
03/10/2023 03:10:46 PM:INFO:**************** Login test case is passed ****************
03/10/2023 03:10:51 PM:INFO:**************** Login test case is failed ****************
03/10/2023 03:10:51 PM:INFO:**************** Login test case is failed ****************
03/10/2023 03:12:05 PM:INFO:====== WebDriver manager ======
03/10/2023 03:12:05 PM:INFO:Get LATEST chromedriver version for google-chrome 111.0.5563
03/10/2023 03:12:05 PM:INFO:Driver [/Users/ganeshachari/.wdm/drivers/chromedriver/mac_arm64/111.0.5563/chromedriver] found in cache
03/10/2023 03:12:07 PM:INFO:**************** Test_0002_ddt_Login ****************
03/10/2023 03:12:07 PM:INFO:**************** Verifying Login Test ****************
03/10/2023 03:12:13 PM:INFO:**************** Login test case is failed ****************
03/10/2023 03:12:13 PM:INFO:**************** Login test case is failed ****************
03/10/2023 03:13:23 PM:INFO:====== WebDriver manager ======
03/10/2023 03:13:23 PM:INFO:Get LATEST chromedriver version for google-chrome 111.0.5563
03/10/2023 03:13:24 PM:INFO:Driver [/Users/ganeshachari/.wdm/drivers/chromedriver/mac_arm64/111.0.5563/chromedriver] found in cache
03/10/2023 03:13:25 PM:INFO:**************** Test_0002_ddt_Login ****************
03/10/2023 03:13:25 PM:INFO:**************** Verifying Login Test ****************
03/10/2023 03:13:32 PM:INFO:**************** Login test case is failed ****************
03/10/2023 03:13:37 PM:INFO:**************** Login test case is Passed ****************
03/10/2023 03:13:43 PM:INFO:**************** Login test case is Passed ****************
03/10/2023 03:13:48 PM:INFO:**************** Login test case is Passed ****************
03/10/2023 03:13:48 PM:INFO:**************** Login test case is failed ****************
03/10/2023 03:15:57 PM:INFO:====== WebDriver manager ======
03/10/2023 03:15:57 PM:INFO:Get LATEST chromedriver version for google-chrome 111.0.5563
03/10/2023 03:15:57 PM:INFO:Driver [/Users/ganeshachari/.wdm/drivers/chromedriver/mac_arm64/111.0.5563/chromedriver] found in cache
03/10/2023 03:15:59 PM:INFO:**************** Test_0002_ddt_Login ****************
03/10/2023 03:15:59 PM:INFO:**************** Verifying Login Test ****************
03/10/2023 03:16:07 PM:INFO:**************** Login test case is failed ****************
03/10/2023 03:16:12 PM:INFO:**************** Login test case is Passed ****************
03/10/2023 03:16:18 PM:INFO:**************** Login test case is Passed ****************
03/10/2023 03:16:23 PM:INFO:**************** Login test case is Passed ****************
03/10/2023 03:16:23 PM:INFO:**************** Login test case is failed ****************
03/10/2023 03:17:01 PM:INFO:====== WebDriver manager ======
03/10/2023 03:17:01 PM:INFO:Get LATEST chromedriver version for google-chrome 111.0.5563
03/10/2023 03:17:02 PM:INFO:Driver [/Users/ganeshachari/.wdm/drivers/chromedriver/mac_arm64/111.0.5563/chromedriver] found in cache
03/10/2023 03:17:03 PM:INFO:**************** Test_0002_ddt_Login ****************
03/10/2023 03:17:03 PM:INFO:**************** Verifying Login Test ****************
03/10/2023 03:17:09 PM:INFO:**************** Login test case is failed ****************
03/10/2023 03:17:20 PM:INFO:**************** Login test case is Passed ****************
03/10/2023 03:17:30 PM:INFO:**************** Login test case is Passed ****************
03/10/2023 03:17:41 PM:INFO:**************** Login test case is Passed ****************
03/10/2023 03:17:46 PM:INFO:**************** Login test case is failed ****************
03/10/2023 03:20:36 PM:INFO:====== WebDriver manager ======
03/10/2023 03:20:36 PM:INFO:Get LATEST chromedriver version for google-chrome 111.0.5563
03/10/2023 03:20:36 PM:INFO:Driver [/Users/ganeshachari/.wdm/drivers/chromedriver/mac_arm64/111.0.5563/chromedriver] found in cache
03/10/2023 03:20:38 PM:INFO:**************** Test_0002_ddt_Login ****************
03/10/2023 03:20:38 PM:INFO:**************** Verifying Login Test ****************
03/10/2023 03:20:47 PM:INFO:**************** Login test case is passed ****************
03/10/2023 03:20:58 PM:INFO:**************** Login test case is Passed ****************
03/10/2023 03:21:09 PM:INFO:**************** Login test case is Passed ****************
03/10/2023 03:21:19 PM:INFO:**************** Login test case is Passed ****************
03/10/2023 03:21:24 PM:INFO:**************** All Login test cases are passed ****************
03/10/2023 03:22:47 PM:INFO:====== WebDriver manager ======
03/10/2023 03:22:47 PM:INFO:Get LATEST chromedriver version for google-chrome 111.0.5563
03/10/2023 03:22:47 PM:INFO:Driver [/Users/ganeshachari/.wdm/drivers/chromedriver/mac_arm64/111.0.5563/chromedriver] found in cache
03/10/2023 03:22:49 PM:INFO:**************** Test_0001_Login ****************
03/10/2023 03:22:49 PM:INFO:**************** Verifying Home page title ****************
03/10/2023 03:22:52 PM:INFO:**************** Home Page Title test case is passed ****************
03/10/2023 03:22:52 PM:INFO:====== WebDriver manager ======
03/10/2023 03:22:52 PM:INFO:Get LATEST chromedriver version for google-chrome 111.0.5563
03/10/2023 03:22:52 PM:INFO:Driver [/Users/ganeshachari/.wdm/drivers/chromedriver/mac_arm64/111.0.5563/chromedriver] found in cache
03/10/2023 03:22:53 PM:INFO:**************** Verifying Login Test ****************
03/10/2023 03:22:58 PM:INFO:**************** Login test case is passed ****************
03/10/2023 03:22:58 PM:INFO:====== WebDriver manager ======
03/10/2023 03:22:58 PM:INFO:Get LATEST chromedriver version for google-chrome 111.0.5563
03/10/2023 03:22:58 PM:INFO:Driver [/Users/ganeshachari/.wdm/drivers/chromedriver/mac_arm64/111.0.5563/chromedriver] found in cache
03/10/2023 03:22:59 PM:INFO:**************** Test_0002_ddt_Login ****************
03/10/2023 03:22:59 PM:INFO:**************** Verifying Login Test ****************
03/10/2023 03:23:09 PM:INFO:**************** Login test case is passed ****************
03/10/2023 03:23:15 PM:INFO:**************** Login test case is Passed ****************
03/10/2023 03:23:20 PM:INFO:**************** Login test case is Passed ****************
03/10/2023 03:23:26 PM:INFO:**************** Login test case is Passed ****************
03/10/2023 03:23:26 PM:INFO:**************** All Login test cases are passed ****************
03/11/2023 11:51:37 AM:INFO:====== WebDriver manager ======
03/11/2023 11:51:37 AM:INFO:Get LATEST driver version for latest
03/11/2023 11:51:38 AM:INFO:There is no [mac64] IEDriverServer for browser latest in cache
03/11/2023 11:51:38 AM:INFO:Getting latest ie release info for 4.8.0
03/11/2023 11:51:38 AM:INFO:About to download new driver from https://github.com/SeleniumHQ/selenium/releases/download/selenium-4.8.0/IEDriverServer_Win32_4.8.0.zip
03/11/2023 11:51:40 AM:INFO:Driver has been saved in cache [/Users/ganeshachari/.wdm/drivers/IEDriverServer/mac64/latest]
03/11/2023 11:53:13 AM:INFO:====== WebDriver manager ======
03/11/2023 11:53:13 AM:INFO:Get LATEST chromedriver version for google-chrome 111.0.5563
03/11/2023 11:53:13 AM:INFO:About to download new driver from https://chromedriver.storage.googleapis.com/111.0.5563.64/chromedriver_mac_arm64.zip
03/11/2023 11:53:14 AM:INFO:Driver has been saved in cache [/Users/ganeshachari/.wdm/drivers/chromedriver/mac_arm64/111.0.5563]
03/11/2023 11:53:16 AM:INFO:**************** Test_0002_Customers ****************
03/11/2023 11:53:16 AM:INFO:**************** Verifying Customer Search Test ****************
03/11/2023 11:54:06 AM:INFO:====== WebDriver manager ======
03/11/2023 11:54:06 AM:INFO:Get LATEST chromedriver version for google-chrome 111.0.5563
03/11/2023 11:54:07 AM:INFO:Driver [/Users/ganeshachari/.wdm/drivers/chromedriver/mac_arm64/111.0.5563/chromedriver] found in cache
03/11/2023 11:54:08 AM:INFO:**************** Test_0002_Customers ****************
03/11/2023 11:54:08 AM:INFO:**************** Verifying Customer Search Test ****************
03/11/2023 11:54:51 AM:INFO:====== WebDriver manager ======
03/11/2023 11:54:51 AM:INFO:Get LATEST chromedriver version for google-chrome 111.0.5563
03/11/2023 11:54:51 AM:INFO:Driver [/Users/ganeshachari/.wdm/drivers/chromedriver/mac_arm64/111.0.5563/chromedriver] found in cache
03/11/2023 11:54:53 AM:INFO:**************** Test_0002_Customers ****************
03/11/2023 11:54:53 AM:INFO:**************** Verifying Customer Search Test ****************
03/11/2023 11:55:01 AM:ERROR:**************** Customer search Title test case is failed ****************
03/11/2023 11:55:31 AM:INFO:====== WebDriver manager ======
03/11/2023 11:55:31 AM:INFO:Get LATEST chromedriver version for google-chrome 111.0.5563
03/11/2023 11:55:31 AM:INFO:Driver [/Users/ganeshachari/.wdm/drivers/chromedriver/mac_arm64/111.0.5563/chromedriver] found in cache
03/11/2023 11:55:33 AM:INFO:**************** Test_0002_Customers ****************
03/11/2023 11:55:33 AM:INFO:**************** Verifying Customer Search Test ****************
03/11/2023 11:55:45 AM:ERROR:**************** Customer search Title test case is failed ****************
03/11/2023 11:55:56 AM:INFO:====== WebDriver manager ======
03/11/2023 11:55:56 AM:INFO:Get LATEST chromedriver version for google-chrome 111.0.5563
03/11/2023 11:55:57 AM:INFO:Driver [/Users/ganeshachari/.wdm/drivers/chromedriver/mac_arm64/111.0.5563/chromedriver] found in cache
03/11/2023 11:55:58 AM:INFO:**************** Test_0002_Customers ****************
03/11/2023 11:55:58 AM:INFO:**************** Verifying Customer Search Test ****************
03/11/2023 11:56:08 AM:ERROR:**************** Customer search Title test case is failed ****************
03/11/2023 11:56:30 AM:INFO:====== WebDriver manager ======
03/11/2023 11:56:30 AM:INFO:Get LATEST chromedriver version for google-chrome 111.0.5563
03/11/2023 11:56:30 AM:INFO:Driver [/Users/ganeshachari/.wdm/drivers/chromedriver/mac_arm64/111.0.5563/chromedriver] found in cache
03/11/2023 11:56:32 AM:INFO:**************** Test_0002_Customers ****************
03/11/2023 11:56:32 AM:INFO:**************** Verifying Customer Search Test ****************
03/11/2023 11:56:43 AM:ERROR:**************** Customer search Title test case is failed ****************
03/11/2023 11:57:39 AM:INFO:====== WebDriver manager ======
03/11/2023 11:57:39 AM:INFO:Get LATEST chromedriver version for google-chrome 111.0.5563
03/11/2023 11:57:39 AM:INFO:Driver [/Users/ganeshachari/.wdm/drivers/chromedriver/mac_arm64/111.0.5563/chromedriver] found in cache
03/11/2023 11:57:40 AM:INFO:**************** Test_0002_Customers ****************
03/11/2023 11:57:40 AM:INFO:**************** Verifying Customer Search Test ****************
03/11/2023 11:58:24 AM:INFO:====== WebDriver manager ======
03/11/2023 11:58:24 AM:INFO:Get LATEST chromedriver version for google-chrome 111.0.5563
03/11/2023 11:58:24 AM:INFO:Driver [/Users/ganeshachari/.wdm/drivers/chromedriver/mac_arm64/111.0.5563/chromedriver] found in cache
03/11/2023 11:58:26 AM:INFO:**************** Test_0002_Customers ****************
03/11/2023 11:58:26 AM:INFO:**************** Verifying Customer Search Test ****************
03/11/2023 12:00:03 PM:INFO:====== WebDriver manager ======
03/11/2023 12:00:03 PM:INFO:Get LATEST chromedriver version for google-chrome 111.0.5563
03/11/2023 12:00:03 PM:INFO:Driver [/Users/ganeshachari/.wdm/drivers/chromedriver/mac_arm64/111.0.5563/chromedriver] found in cache
03/11/2023 12:00:05 PM:INFO:**************** Test_0002_Customers ****************
03/11/2023 12:00:05 PM:INFO:**************** Verifying Customer Search Test ****************
03/11/2023 12:00:17 PM:INFO:**************** Customer search test case is passed ****************
03/11/2023 12:01:14 PM:INFO:====== WebDriver manager ======
03/11/2023 12:01:14 PM:INFO:Get LATEST chromedriver version for google-chrome 111.0.5563
03/11/2023 12:01:14 PM:INFO:Driver [/Users/ganeshachari/.wdm/drivers/chromedriver/mac_arm64/111.0.5563/chromedriver] found in cache
03/11/2023 12:01:15 PM:INFO:**************** Test_0002_Customers ****************
03/11/2023 12:01:15 PM:INFO:**************** Verifying Customer Search Test ****************
03/11/2023 12:01:31 PM:INFO:**************** Customer search test case is passed ****************
03/11/2023 12:03:12 PM:INFO:xdist worker is: gw2
03/11/2023 12:03:12 PM:INFO:xdist worker is: gw0
03/11/2023 12:03:12 PM:INFO:====== WebDriver manager ======
03/11/2023 12:03:12 PM:INFO:====== WebDriver manager ======
03/11/2023 12:03:12 PM:INFO:xdist worker is: gw1
03/11/2023 12:03:12 PM:INFO:====== WebDriver manager ======
03/11/2023 12:03:12 PM:INFO:Get LATEST chromedriver version for google-chrome 111.0.5563
03/11/2023 12:03:12 PM:INFO:Get LATEST chromedriver version for google-chrome 111.0.5563
03/11/2023 12:03:12 PM:INFO:Get LATEST chromedriver version for google-chrome 111.0.5563
03/11/2023 12:03:12 PM:INFO:There is no [mac_arm64] chromedriver for browser 111.0.5563 in cache
03/11/2023 12:03:12 PM:INFO:About to download new driver from https://chromedriver.storage.googleapis.com/111.0.5563.64/chromedriver_mac_arm64.zip
03/11/2023 12:03:12 PM:INFO:About to download new driver from https://chromedriver.storage.googleapis.com/111.0.5563.64/chromedriver_mac_arm64.zip
03/11/2023 12:03:12 PM:INFO:About to download new driver from https://chromedriver.storage.googleapis.com/111.0.5563.64/chromedriver_mac_arm64.zip
03/11/2023 12:03:15 PM:INFO:Driver has been saved in cache [/Users/ganeshachari/.wdm/gw1/drivers/chromedriver/mac_arm64/111.0.5563]
03/11/2023 12:03:15 PM:INFO:Driver has been saved in cache [/Users/ganeshachari/.wdm/gw0/drivers/chromedriver/mac_arm64/111.0.5563]
03/11/2023 12:03:15 PM:INFO:Driver has been saved in cache [/Users/ganeshachari/.wdm/gw2/drivers/chromedriver/mac_arm64/111.0.5563]
03/11/2023 12:03:16 PM:INFO:**************** Test_0002_Customers ****************
03/11/2023 12:03:16 PM:INFO:**************** Verifying Login Test ****************
03/11/2023 12:03:16 PM:INFO:**************** Verifying Customer Search Test ****************
03/11/2023 12:03:16 PM:INFO:**************** Test_0001_Login ****************
03/11/2023 12:03:16 PM:INFO:**************** Verifying Home page title ****************
03/11/2023 12:03:20 PM:INFO:**************** Home Page Title test case is passed ****************
03/11/2023 12:03:22 PM:INFO:**************** Login test case is passed ****************
03/11/2023 12:03:32 PM:INFO:**************** Customer search test case is passed ****************
03/11/2023 12:03:32 PM:INFO:xdist worker is: gw0
03/11/2023 12:03:32 PM:INFO:====== WebDriver manager ======
03/11/2023 12:03:32 PM:INFO:Get LATEST chromedriver version for google-chrome 111.0.5563
03/11/2023 12:03:32 PM:INFO:Driver [/Users/ganeshachari/.wdm/gw0/drivers/chromedriver/mac_arm64/111.0.5563/chromedriver] found in cache
03/11/2023 12:03:33 PM:INFO:**************** Test_0002_ddt_Login ****************
03/11/2023 12:03:33 PM:INFO:**************** Verifying Login Test ****************
03/11/2023 12:03:41 PM:INFO:**************** Login test case is passed ****************
03/11/2023 12:03:47 PM:INFO:**************** Login test case is Passed ****************
03/11/2023 12:03:53 PM:INFO:**************** Login test case is Passed ****************
03/11/2023 12:03:58 PM:INFO:**************** Login test case is Passed ****************
03/11/2023 12:03:58 PM:INFO:**************** All Login test cases are passed ****************
03/12/2023 10:57:43 AM:INFO:xdist worker is: gw0
03/12/2023 10:57:43 AM:INFO:====== WebDriver manager ======
03/12/2023 10:57:43 AM:INFO:Get LATEST chromedriver version for google-chrome 111.0.5563
03/12/2023 10:57:44 AM:INFO:About to download new driver from https://chromedriver.storage.googleapis.com/111.0.5563.64/chromedriver_mac_arm64.zip
03/12/2023 10:57:45 AM:INFO:Driver has been saved in cache [/Users/ganeshachari/.wdm/gw0/drivers/chromedriver/mac_arm64/111.0.5563]
03/12/2023 10:57:47 AM:INFO:**************** Test_0001_Login ****************
03/12/2023 10:57:47 AM:INFO:**************** Verifying Home page title ****************
03/12/2023 10:57:49 AM:INFO:**************** Home Page Title test case is passed ****************
03/12/2023 11:01:02 AM:INFO:xdist worker is: gw2
03/12/2023 11:01:02 AM:INFO:xdist worker is: gw1
03/12/2023 11:01:02 AM:INFO:xdist worker is: gw0
03/12/2023 11:01:02 AM:INFO:====== WebDriver manager ======
03/12/2023 11:01:02 AM:INFO:====== WebDriver manager ======
03/12/2023 11:01:02 AM:INFO:====== WebDriver manager ======
03/12/2023 11:01:02 AM:INFO:Get LATEST chromedriver version for google-chrome 111.0.5563
03/12/2023 11:01:02 AM:INFO:Get LATEST chromedriver version for google-chrome 111.0.5563
03/12/2023 11:01:02 AM:INFO:Get LATEST chromedriver version for google-chrome 111.0.5563
03/12/2023 11:01:02 AM:INFO:Driver [/Users/ganeshachari/.wdm/gw0/drivers/chromedriver/mac_arm64/111.0.5563/chromedriver] found in cache
03/12/2023 11:01:02 AM:INFO:About to download new driver from https://chromedriver.storage.googleapis.com/111.0.5563.64/chromedriver_mac_arm64.zip
03/12/2023 11:01:02 AM:INFO:About to download new driver from https://chromedriver.storage.googleapis.com/111.0.5563.64/chromedriver_mac_arm64.zip
03/12/2023 11:01:04 AM:INFO:**************** Test_0002_Customers ****************
03/12/2023 11:01:04 AM:INFO:**************** Verifying Customer Search Test ****************
03/12/2023 11:01:04 AM:INFO:Driver has been saved in cache [/Users/ganeshachari/.wdm/gw1/drivers/chromedriver/mac_arm64/111.0.5563]
03/12/2023 11:01:05 AM:INFO:Driver has been saved in cache [/Users/ganeshachari/.wdm/gw2/drivers/chromedriver/mac_arm64/111.0.5563]
03/12/2023 11:01:06 AM:INFO:**************** Test_0001_Login ****************
03/12/2023 11:01:06 AM:INFO:**************** Verifying Home page title ****************
03/12/2023 11:01:06 AM:INFO:**************** Verifying Login Test ****************
03/12/2023 11:01:08 AM:INFO:**************** Home Page Title test case is passed ****************
03/12/2023 11:01:09 AM:INFO:**************** Login test case is passed ****************
03/12/2023 11:01:18 AM:INFO:**************** Customer search test case is passed ****************
03/12/2023 11:01:19 AM:INFO:xdist worker is: gw0
03/12/2023 11:01:19 AM:INFO:====== WebDriver manager ======
03/12/2023 11:01:19 AM:INFO:Get LATEST chromedriver version for google-chrome 111.0.5563
03/12/2023 11:01:19 AM:INFO:Driver [/Users/ganeshachari/.wdm/gw0/drivers/chromedriver/mac_arm64/111.0.5563/chromedriver] found in cache
03/12/2023 11:01:20 AM:INFO:**************** Test_0002_ddt_Login ****************
03/12/2023 11:01:20 AM:INFO:**************** Verifying Login Test ****************
03/12/2023 11:01:29 AM:INFO:**************** Login test case is passed ****************
03/12/2023 11:01:35 AM:INFO:**************** Login test case is Passed ****************
03/12/2023 11:01:41 AM:INFO:**************** Login test case is Passed ****************
03/12/2023 11:01:46 AM:INFO:**************** Login test case is Passed ****************
03/12/2023 11:01:46 AM:INFO:**************** All Login test cases are passed ****************
03/12/2023 11:03:17 AM:INFO:xdist worker is: gw2
03/12/2023 11:03:17 AM:INFO:xdist worker is: gw0
03/12/2023 11:03:17 AM:INFO:xdist worker is: gw1
03/12/2023 11:03:17 AM:INFO:====== WebDriver manager ======
03/12/2023 11:03:17 AM:INFO:====== WebDriver manager ======
03/12/2023 11:03:17 AM:INFO:====== WebDriver manager ======
03/12/2023 11:03:17 AM:INFO:Get LATEST chromedriver version for google-chrome 111.0.5563
03/12/2023 11:03:17 AM:INFO:Get LATEST chromedriver version for google-chrome 111.0.5563
03/12/2023 11:03:17 AM:INFO:Get LATEST chromedriver version for google-chrome 111.0.5563
03/12/2023 11:03:17 AM:INFO:Driver [/Users/ganeshachari/.wdm/gw2/drivers/chromedriver/mac_arm64/111.0.5563/chromedriver] found in cache
03/12/2023 11:03:17 AM:INFO:Driver [/Users/ganeshachari/.wdm/gw1/drivers/chromedriver/mac_arm64/111.0.5563/chromedriver] found in cache
03/12/2023 11:03:17 AM:INFO:Driver [/Users/ganeshachari/.wdm/gw0/drivers/chromedriver/mac_arm64/111.0.5563/chromedriver] found in cache
03/12/2023 11:03:19 AM:INFO:**************** Verifying Login Test ****************
03/12/2023 11:03:19 AM:INFO:**************** Test_0002_ddt_Login ****************
03/12/2023 11:03:19 AM:INFO:**************** Test_0002_Customers ****************
03/12/2023 11:03:19 AM:INFO:**************** Verifying Login Test ****************
03/12/2023 11:03:19 AM:INFO:**************** Verifying Customer Search Test ****************
03/12/2023 11:03:24 AM:INFO:**************** Login test case is passed ****************
03/12/2023 11:03:28 AM:INFO:**************** Login test case is passed ****************
03/12/2023 11:03:35 AM:INFO:**************** Login test case is Passed ****************
03/12/2023 11:03:35 AM:INFO:**************** Customer search test case is passed ****************
03/12/2023 11:03:40 AM:INFO:**************** Login test case is Passed ****************
03/12/2023 11:03:46 AM:INFO:**************** Login test case is Passed ****************
03/12/2023 11:03:46 AM:INFO:**************** All Login test cases are passed ****************
03/12/2023 11:14:20 AM:INFO:====== WebDriver manager ======
03/12/2023 11:14:20 AM:INFO:Get LATEST chromedriver version for google-chrome 111.0.5563
03/12/2023 11:14:20 AM:INFO:About to download new driver from https://chromedriver.storage.googleapis.com/111.0.5563.64/chromedriver_mac_arm64.zip
03/12/2023 11:14:21 AM:INFO:Driver has been saved in cache [/Users/ganeshachari/.wdm/drivers/chromedriver/mac_arm64/111.0.5563]
03/12/2023 11:14:23 AM:INFO:**************** Test_0002_Customers ****************
03/12/2023 11:14:23 AM:INFO:**************** Verifying Customer Search Test ****************
03/12/2023 11:14:38 AM:INFO:**************** Customer search test case is passed ****************
03/12/2023 11:14:38 AM:INFO:====== WebDriver manager ======
03/12/2023 11:14:38 AM:INFO:Get LATEST chromedriver version for google-chrome 111.0.5563
03/12/2023 11:14:38 AM:INFO:Driver [/Users/ganeshachari/.wdm/drivers/chromedriver/mac_arm64/111.0.5563/chromedriver] found in cache
03/12/2023 11:14:39 AM:INFO:**************** Test_0001_Login ****************
03/12/2023 11:14:39 AM:INFO:**************** Verifying Home page title ****************
03/12/2023 11:14:41 AM:INFO:**************** Home Page Title test case is passed ****************
03/12/2023 11:14:41 AM:INFO:====== WebDriver manager ======
03/12/2023 11:14:41 AM:INFO:Get LATEST chromedriver version for google-chrome 111.0.5563
03/12/2023 11:14:41 AM:INFO:Driver [/Users/ganeshachari/.wdm/drivers/chromedriver/mac_arm64/111.0.5563/chromedriver] found in cache
03/12/2023 11:14:42 AM:INFO:**************** Verifying Login Test ****************
03/12/2023 11:14:47 AM:INFO:**************** Login test case is passed ****************
03/12/2023 11:14:47 AM:INFO:====== WebDriver manager ======
03/12/2023 11:14:47 AM:INFO:Get LATEST chromedriver version for google-chrome 111.0.5563
03/12/2023 11:14:47 AM:INFO:Driver [/Users/ganeshachari/.wdm/drivers/chromedriver/mac_arm64/111.0.5563/chromedriver] found in cache
03/12/2023 11:14:48 AM:INFO:**************** Test_0002_ddt_Login ****************
03/12/2023 11:14:48 AM:INFO:**************** Verifying Login Test ****************
03/12/2023 11:14:57 AM:INFO:**************** Login test case is passed ****************
03/12/2023 11:15:03 AM:INFO:**************** Login test case is Passed ****************
03/12/2023 11:15:09 AM:INFO:**************** Login test case is Passed ****************
03/12/2023 11:15:14 AM:INFO:**************** Login test case is Passed ****************
03/12/2023 11:15:14 AM:INFO:**************** All Login test cases are passed ****************
03/12/2023 11:17:37 AM:INFO:====== WebDriver manager ======
03/12/2023 11:17:37 AM:INFO:Get LATEST chromedriver version for google-chrome 111.0.5563
03/12/2023 11:17:37 AM:INFO:Driver [/Users/ganeshachari/.wdm/drivers/chromedriver/mac_arm64/111.0.5563/chromedriver] found in cache
03/12/2023 11:17:38 AM:INFO:**************** Test_0002_Customers ****************
03/12/2023 11:17:38 AM:INFO:**************** Verifying Customer Search Test ****************
03/12/2023 11:17:55 AM:INFO:**************** Customer search test case is passed ****************
03/12/2023 11:17:55 AM:INFO:====== WebDriver manager ======
03/12/2023 11:17:55 AM:INFO:Get LATEST chromedriver version for google-chrome 111.0.5563
03/12/2023 11:17:55 AM:INFO:Driver [/Users/ganeshachari/.wdm/drivers/chromedriver/mac_arm64/111.0.5563/chromedriver] found in cache
03/12/2023 11:17:56 AM:INFO:**************** Test_0001_Login ****************
03/12/2023 11:17:56 AM:INFO:**************** Verifying Home page title ****************
03/12/2023 11:17:58 AM:INFO:**************** Home Page Title test case is passed ****************
03/12/2023 11:17:58 AM:INFO:====== WebDriver manager ======
03/12/2023 11:17:58 AM:INFO:Get LATEST chromedriver version for google-chrome 111.0.5563
03/12/2023 11:17:58 AM:INFO:Driver [/Users/ganeshachari/.wdm/drivers/chromedriver/mac_arm64/111.0.5563/chromedriver] found in cache
03/12/2023 11:17:59 AM:INFO:**************** Verifying Login Test ****************
03/12/2023 11:18:04 AM:INFO:**************** Login test case is passed ****************
03/12/2023 11:18:04 AM:INFO:====== WebDriver manager ======
03/12/2023 11:18:05 AM:INFO:Get LATEST chromedriver version for google-chrome 111.0.5563
03/12/2023 11:18:05 AM:INFO:Driver [/Users/ganeshachari/.wdm/drivers/chromedriver/mac_arm64/111.0.5563/chromedriver] found in cache
03/12/2023 11:18:06 AM:INFO:**************** Test_0002_ddt_Login ****************
03/12/2023 11:18:06 AM:INFO:**************** Verifying Login Test ****************
03/12/2023 11:18:15 AM:INFO:**************** Login test case is passed ****************
03/12/2023 11:18:21 AM:INFO:**************** Login test case is Passed ****************
03/12/2023 11:18:27 AM:INFO:**************** Login test case is Passed ****************
03/12/2023 11:18:33 AM:INFO:**************** Login test case is Passed ****************
03/12/2023 11:18:33 AM:INFO:**************** All Login test cases are passed ****************
